android/app/build/intermediates/manifest_merge_blame_file/release/manifest-merger-blame-release-report.txt
1<?xml version="1.0" encoding="utf-8"?>
2<manifest xmlns:android="http://schemas.android.com/apk/res/android"
3    package="com.circlespace.in"
4    android:versionCode="45"
5    android:versionName="1.3.33" >
6
7    <uses-sdk
8        android:minSdkVersion="23"
9        android:targetSdkVersion="35" />
10
11    <uses-permission android:name="android.permission.INTERNET" />
11-->src/main/AndroidManifest.xml:3:1-63
11-->src/main/AndroidManifest.xml:3:18-60
12    <uses-permission android:name="android.permission.READ_MEDIA_IMAGES" />
12-->src/main/AndroidManifest.xml:4:1-72
12-->src/main/AndroidManifest.xml:4:18-69
13    <uses-permission android:name="android.permission.READ_MEDIA_VIDEO" />
13-->src/main/AndroidManifest.xml:5:2-72
13-->src/main/AndroidManifest.xml:5:19-69
14    <uses-permission
14-->src/main/AndroidManifest.xml:6:2-104
15        android:name="android.permission.READ_EXTERNAL_STORAGE"
15-->src/main/AndroidManifest.xml:6:19-74
16        android:maxSdkVersion="32" />
16-->src/main/AndroidManifest.xml:6:75-101
17    <uses-permission
17-->src/main/AndroidManifest.xml:7:2-105
18        android:name="android.permission.WRITE_EXTERNAL_STORAGE"
18-->src/main/AndroidManifest.xml:7:19-75
19        android:maxSdkVersion="29" />
19-->src/main/AndroidManifest.xml:7:76-102
20    <!-- <uses-permission android:name="android.permission.MANAGE_EXTERNAL_STORAGE" /> -->
21    <uses-permission android:name="android.permission.POST_NOTIFICATIONS" />
21-->src/main/AndroidManifest.xml:9:1-73
21-->src/main/AndroidManifest.xml:9:18-70
22    <uses-permission android:name="android.permission.DOWNLOAD_WITHOUT_NOTIFICATION" />
22-->src/main/AndroidManifest.xml:10:1-84
22-->src/main/AndroidManifest.xml:10:18-81
23    <uses-permission android:name="android.permission.VIBRATE" />
23-->src/main/AndroidManifest.xml:11:1-61
23-->src/main/AndroidManifest.xml:11:18-59
24
25    <queries>
25-->src/main/AndroidManifest.xml:48:5-54:12
26        <intent>
26-->src/main/AndroidManifest.xml:49:4-53:13
27            <action android:name="android.intent.action.VIEW" />
27-->src/main/AndroidManifest.xml:50:6-58
27-->src/main/AndroidManifest.xml:50:14-55
28            <!-- If you don't know the MIME type in advance, set "mimeType" to "*/*". -->
29            <data android:mimeType="*/*" />
29-->src/main/AndroidManifest.xml:52:6-37
29-->src/main/AndroidManifest.xml:52:12-34
30        </intent>
31        <intent>
31-->[:react-native-image-crop-picker] AndroidManifest.xml:8:9-10:18
32            <action android:name="android.media.action.IMAGE_CAPTURE" />
32-->[:react-native-image-crop-picker] AndroidManifest.xml:9:13-73
32-->[:react-native-image-crop-picker] AndroidManifest.xml:9:21-70
33        </intent>
34        <intent>
34-->[com.razorpay:standard-core:1.6.52] AndroidManifest.xml:11:9-17:18
35            <action android:name="android.intent.action.VIEW" />
35-->src/main/AndroidManifest.xml:50:6-58
35-->src/main/AndroidManifest.xml:50:14-55
36
37            <data
37-->src/main/AndroidManifest.xml:52:6-37
38                android:mimeType="*/*"
38-->src/main/AndroidManifest.xml:52:12-34
39                android:scheme="*" />
40        </intent>
41        <intent>
41-->[com.razorpay:standard-core:1.6.52] AndroidManifest.xml:18:9-27:18
42            <action android:name="android.intent.action.VIEW" />
42-->src/main/AndroidManifest.xml:50:6-58
42-->src/main/AndroidManifest.xml:50:14-55
43
44            <category android:name="android.intent.category.BROWSABLE" />
44-->[com.razorpay:standard-core:1.6.52] AndroidManifest.xml:21:13-74
44-->[com.razorpay:standard-core:1.6.52] AndroidManifest.xml:21:23-71
45
46            <data
46-->src/main/AndroidManifest.xml:52:6-37
47                android:host="pay"
48                android:mimeType="*/*"
48-->src/main/AndroidManifest.xml:52:12-34
49                android:scheme="upi" />
50        </intent>
51        <intent>
51-->[com.razorpay:standard-core:1.6.52] AndroidManifest.xml:28:9-30:18
52            <action android:name="android.intent.action.MAIN" />
52-->src/main/AndroidManifest.xml:38:13-65
52-->src/main/AndroidManifest.xml:38:21-62
53        </intent>
54        <intent>
54-->[com.razorpay:standard-core:1.6.52] AndroidManifest.xml:31:9-35:18
55            <action android:name="android.intent.action.SEND" />
55-->[com.razorpay:standard-core:1.6.52] AndroidManifest.xml:32:13-65
55-->[com.razorpay:standard-core:1.6.52] AndroidManifest.xml:32:21-62
56
57            <data android:mimeType="*/*" />
57-->src/main/AndroidManifest.xml:52:6-37
57-->src/main/AndroidManifest.xml:52:12-34
58        </intent>
59        <intent>
59-->[com.razorpay:standard-core:1.6.52] AndroidManifest.xml:36:9-38:18
60            <action android:name="rzp.device_token.share" />
60-->[com.razorpay:standard-core:1.6.52] AndroidManifest.xml:37:13-61
60-->[com.razorpay:standard-core:1.6.52] AndroidManifest.xml:37:21-58
61        </intent>
62    </queries>
63
64    <uses-permission android:name="android.permission.ACCESS_NETWORK_STATE" />
64-->[:react-native-community_netinfo] AndroidManifest.xml:7:5-79
64-->[:react-native-community_netinfo] AndroidManifest.xml:7:22-76
65    <uses-permission android:name="android.permission.ACCESS_WIFI_STATE" />
65-->[:react-native-community_netinfo] AndroidManifest.xml:8:5-76
65-->[:react-native-community_netinfo] AndroidManifest.xml:8:22-73
66    <uses-permission android:name="android.permission.WAKE_LOCK" /> <!-- Required to access Google Play Licensing -->
66-->[:react-native-firebase_messaging] AndroidManifest.xml:8:5-68
66-->[:react-native-firebase_messaging] AndroidManifest.xml:8:22-65
67    <uses-permission android:name="com.android.vending.CHECK_LICENSE" /> <!-- Required by older versions of Google Play services to create IID tokens -->
67-->[:rn-fetch-blob] AndroidManifest.xml:8:5-73
67-->[:rn-fetch-blob] AndroidManifest.xml:8:22-70
68    <uses-permission android:name="com.google.android.c2dm.permission.RECEIVE" />
68-->[com.google.firebase:firebase-messaging:24.0.1] AndroidManifest.xml:26:5-82
68-->[com.google.firebase:firebase-messaging:24.0.1] AndroidManifest.xml:26:22-79
69
70    <uses-feature
70-->[com.google.android.gms:play-services-maps:17.0.0] AndroidManifest.xml:26:5-28:35
71        android:glEsVersion="0x00020000"
71-->[com.google.android.gms:play-services-maps:17.0.0] AndroidManifest.xml:27:9-41
72        android:required="true" />
72-->[com.google.android.gms:play-services-maps:17.0.0] AndroidManifest.xml:28:9-32
73
74    <permission
74-->[androidx.core:core:1.13.1] AndroidManifest.xml:22:5-24:47
75        android:name="com.circlespace.in.DYNAMIC_RECEIVER_NOT_EXPORTED_PERMISSION"
75-->[androidx.core:core:1.13.1] AndroidManifest.xml:23:9-81
76        android:protectionLevel="signature" />
76-->[androidx.core:core:1.13.1] AndroidManifest.xml:24:9-44
77
78    <uses-permission android:name="com.circlespace.in.DYNAMIC_RECEIVER_NOT_EXPORTED_PERMISSION" /> <!-- for android -->
78-->[androidx.core:core:1.13.1] AndroidManifest.xml:26:5-97
78-->[androidx.core:core:1.13.1] AndroidManifest.xml:26:22-94
79    <!-- <uses-permission android:name="com.android.launcher.permission.READ_SETTINGS"/> -->
80    <!-- <uses-permission android:name="com.android.launcher.permission.WRITE_SETTINGS"/> -->
81    <!-- <uses-permission android:name="com.android.launcher.permission.INSTALL_SHORTCUT" /> -->
82    <!-- <uses-permission android:name="com.android.launcher.permission.UNINSTALL_SHORTCUT" /> -->
83    <!-- for Samsung -->
84    <uses-permission android:name="com.sec.android.provider.badge.permission.READ" />
84-->[me.leolin:ShortcutBadger:1.1.22] AndroidManifest.xml:19:5-86
84-->[me.leolin:ShortcutBadger:1.1.22] AndroidManifest.xml:19:22-83
85    <uses-permission android:name="com.sec.android.provider.badge.permission.WRITE" /> <!-- for htc -->
85-->[me.leolin:ShortcutBadger:1.1.22] AndroidManifest.xml:20:5-87
85-->[me.leolin:ShortcutBadger:1.1.22] AndroidManifest.xml:20:22-84
86    <uses-permission android:name="com.htc.launcher.permission.READ_SETTINGS" />
86-->[me.leolin:ShortcutBadger:1.1.22] AndroidManifest.xml:23:5-81
86-->[me.leolin:ShortcutBadger:1.1.22] AndroidManifest.xml:23:22-78
87    <uses-permission android:name="com.htc.launcher.permission.UPDATE_SHORTCUT" /> <!-- for sony -->
87-->[me.leolin:ShortcutBadger:1.1.22] AndroidManifest.xml:24:5-83
87-->[me.leolin:ShortcutBadger:1.1.22] AndroidManifest.xml:24:22-80
88    <uses-permission android:name="com.sonyericsson.home.permission.BROADCAST_BADGE" />
88-->[me.leolin:ShortcutBadger:1.1.22] AndroidManifest.xml:27:5-88
88-->[me.leolin:ShortcutBadger:1.1.22] AndroidManifest.xml:27:22-85
89    <uses-permission android:name="com.sonymobile.home.permission.PROVIDER_INSERT_BADGE" /> <!-- for apex -->
89-->[me.leolin:ShortcutBadger:1.1.22] AndroidManifest.xml:28:5-92
89-->[me.leolin:ShortcutBadger:1.1.22] AndroidManifest.xml:28:22-89
90    <uses-permission android:name="com.anddoes.launcher.permission.UPDATE_COUNT" /> <!-- for solid -->
90-->[me.leolin:ShortcutBadger:1.1.22] AndroidManifest.xml:31:5-84
90-->[me.leolin:ShortcutBadger:1.1.22] AndroidManifest.xml:31:22-81
91    <uses-permission android:name="com.majeur.launcher.permission.UPDATE_BADGE" /> <!-- for huawei -->
91-->[me.leolin:ShortcutBadger:1.1.22] AndroidManifest.xml:34:5-83
91-->[me.leolin:ShortcutBadger:1.1.22] AndroidManifest.xml:34:22-80
92    <uses-permission android:name="com.huawei.android.launcher.permission.CHANGE_BADGE" />
92-->[me.leolin:ShortcutBadger:1.1.22] AndroidManifest.xml:37:5-91
92-->[me.leolin:ShortcutBadger:1.1.22] AndroidManifest.xml:37:22-88
93    <uses-permission android:name="com.huawei.android.launcher.permission.READ_SETTINGS" />
93-->[me.leolin:ShortcutBadger:1.1.22] AndroidManifest.xml:38:5-92
93-->[me.leolin:ShortcutBadger:1.1.22] AndroidManifest.xml:38:22-89
94    <uses-permission android:name="com.huawei.android.launcher.permission.WRITE_SETTINGS" /> <!-- for ZUK -->
94-->[me.leolin:ShortcutBadger:1.1.22] AndroidManifest.xml:39:5-93
94-->[me.leolin:ShortcutBadger:1.1.22] AndroidManifest.xml:39:22-90
95    <uses-permission android:name="android.permission.READ_APP_BADGE" /> <!-- for OPPO -->
95-->[me.leolin:ShortcutBadger:1.1.22] AndroidManifest.xml:42:5-73
95-->[me.leolin:ShortcutBadger:1.1.22] AndroidManifest.xml:42:22-70
96    <uses-permission android:name="com.oppo.launcher.permission.READ_SETTINGS" />
96-->[me.leolin:ShortcutBadger:1.1.22] AndroidManifest.xml:45:5-82
96-->[me.leolin:ShortcutBadger:1.1.22] AndroidManifest.xml:45:22-79
97    <uses-permission android:name="com.oppo.launcher.permission.WRITE_SETTINGS" /> <!-- for EvMe -->
97-->[me.leolin:ShortcutBadger:1.1.22] AndroidManifest.xml:46:5-83
97-->[me.leolin:ShortcutBadger:1.1.22] AndroidManifest.xml:46:22-80
98    <uses-permission android:name="me.everything.badger.permission.BADGE_COUNT_READ" />
98-->[me.leolin:ShortcutBadger:1.1.22] AndroidManifest.xml:49:5-88
98-->[me.leolin:ShortcutBadger:1.1.22] AndroidManifest.xml:49:22-85
99    <uses-permission android:name="me.everything.badger.permission.BADGE_COUNT_WRITE" />
99-->[me.leolin:ShortcutBadger:1.1.22] AndroidManifest.xml:50:5-89
99-->[me.leolin:ShortcutBadger:1.1.22] AndroidManifest.xml:50:22-86
100
101    <application
101-->src/main/AndroidManifest.xml:13:5-47:19
102        android:name="com.circlespace.in.MainApplication"
102-->src/main/AndroidManifest.xml:15:7-38
103        android:allowBackup="false"
103-->src/main/AndroidManifest.xml:19:7-34
104        android:appComponentFactory="androidx.core.app.CoreComponentFactory"
104-->[androidx.core:core:1.13.1] AndroidManifest.xml:28:18-86
105        android:extractNativeLibs="false"
106        android:icon="@mipmap/ic_launcher"
106-->src/main/AndroidManifest.xml:17:7-41
107        android:label="@string/app_name"
107-->src/main/AndroidManifest.xml:16:7-39
108        android:requestLegacyExternalStorage="true"
108-->src/main/AndroidManifest.xml:21:7-50
109        android:roundIcon="@mipmap/ic_launcher_round"
109-->src/main/AndroidManifest.xml:18:7-52
110        android:theme="@style/AppTheme"
110-->src/main/AndroidManifest.xml:20:7-38
111        android:usesCleartextTraffic="true" >
111-->src/main/AndroidManifest.xml:14:6-41
112        <meta-data
112-->src/main/AndroidManifest.xml:23:7-25:56
113            android:name="com.google.firebase.messaging.default_notification_icon"
113-->src/main/AndroidManifest.xml:24:9-79
114            android:resource="@drawable/icnotifications" />
114-->src/main/AndroidManifest.xml:25:9-53
115        <meta-data
115-->src/main/AndroidManifest.xml:26:10-28:32
116            android:name="android:requestLegacyExternalStorage"
116-->src/main/AndroidManifest.xml:27:9-60
117            android:value="true" />
117-->src/main/AndroidManifest.xml:28:9-29
118
119        <activity
119-->src/main/AndroidManifest.xml:29:7-43:18
120            android:name="com.circlespace.in.MainActivity"
120-->src/main/AndroidManifest.xml:30:9-37
121            android:configChanges="keyboard|keyboardHidden|orientation|screenLayout|screenSize|smallestScreenSize|uiMode"
121-->src/main/AndroidManifest.xml:33:9-118
122            android:exported="true"
122-->src/main/AndroidManifest.xml:36:9-32
123            android:label="@string/app_name"
123-->src/main/AndroidManifest.xml:32:9-41
124            android:launchMode="singleTask"
124-->src/main/AndroidManifest.xml:34:9-40
125            android:screenOrientation="portrait"
125-->src/main/AndroidManifest.xml:31:9-45
126            android:windowSoftInputMode="adjustResize" >
126-->src/main/AndroidManifest.xml:35:9-51
127            <intent-filter>
127-->src/main/AndroidManifest.xml:37:9-41:25
128                <action android:name="android.intent.action.MAIN" />
128-->src/main/AndroidManifest.xml:38:13-65
128-->src/main/AndroidManifest.xml:38:21-62
129
130                <category android:name="android.intent.category.LAUNCHER" />
130-->src/main/AndroidManifest.xml:39:13-73
130-->src/main/AndroidManifest.xml:39:23-70
131
132                <action android:name="android.intent.action.DOWNLOAD_COMPLETE" />
132-->src/main/AndroidManifest.xml:40:13-77
132-->src/main/AndroidManifest.xml:40:21-75
133            </intent-filter>
134        </activity>
135        <!-- Firebase Cloud Messaging Service -->
136
137        <service
137-->[:react-native-firebase_messaging] AndroidManifest.xml:12:9-14:40
138            android:name="io.invertase.firebase.messaging.ReactNativeFirebaseMessagingHeadlessService"
138-->[:react-native-firebase_messaging] AndroidManifest.xml:13:13-103
139            android:exported="false" />
139-->[:react-native-firebase_messaging] AndroidManifest.xml:14:13-37
140        <service
140-->[:react-native-firebase_messaging] AndroidManifest.xml:15:9-21:19
141            android:name="io.invertase.firebase.messaging.ReactNativeFirebaseMessagingService"
141-->[:react-native-firebase_messaging] AndroidManifest.xml:16:13-95
142            android:exported="false" >
142-->[:react-native-firebase_messaging] AndroidManifest.xml:17:13-37
143            <intent-filter>
143-->[:react-native-firebase_messaging] AndroidManifest.xml:18:13-20:29
144                <action android:name="com.google.firebase.MESSAGING_EVENT" />
144-->[:react-native-firebase_messaging] AndroidManifest.xml:19:17-78
144-->[:react-native-firebase_messaging] AndroidManifest.xml:19:25-75
145            </intent-filter>
146        </service>
147
148        <receiver
148-->[:react-native-firebase_messaging] AndroidManifest.xml:23:9-30:20
149            android:name="io.invertase.firebase.messaging.ReactNativeFirebaseMessagingReceiver"
149-->[:react-native-firebase_messaging] AndroidManifest.xml:24:13-96
150            android:exported="true"
150-->[:react-native-firebase_messaging] AndroidManifest.xml:25:13-36
151            android:permission="com.google.android.c2dm.permission.SEND" >
151-->[:react-native-firebase_messaging] AndroidManifest.xml:26:13-73
152            <intent-filter>
152-->[:react-native-firebase_messaging] AndroidManifest.xml:27:13-29:29
153                <action android:name="com.google.android.c2dm.intent.RECEIVE" />
153-->[:react-native-firebase_messaging] AndroidManifest.xml:28:17-81
153-->[:react-native-firebase_messaging] AndroidManifest.xml:28:25-78
154            </intent-filter>
155        </receiver>
156
157        <meta-data
157-->[:react-native-firebase_messaging] AndroidManifest.xml:32:9-34:36
158            android:name="firebase_messaging_auto_init_enabled"
158-->[:react-native-firebase_messaging] AndroidManifest.xml:33:13-64
159            android:value="true" />
159-->[:react-native-firebase_messaging] AndroidManifest.xml:34:13-33
160        <meta-data
160-->[:react-native-firebase_messaging] AndroidManifest.xml:35:9-37:32
161            android:name="com.google.firebase.messaging.default_notification_channel_id"
161-->[:react-native-firebase_messaging] AndroidManifest.xml:36:13-89
162            android:value="" />
162-->[:react-native-firebase_messaging] AndroidManifest.xml:37:13-29
163        <meta-data
163-->[:react-native-firebase_messaging] AndroidManifest.xml:38:9-40:47
164            android:name="com.google.firebase.messaging.default_notification_color"
164-->[:react-native-firebase_messaging] AndroidManifest.xml:39:13-84
165            android:resource="@color/white" />
165-->[:react-native-firebase_messaging] AndroidManifest.xml:40:13-44
166        <meta-data
166-->[:react-native-firebase_app] AndroidManifest.xml:9:9-11:36
167            android:name="app_data_collection_default_enabled"
167-->[:react-native-firebase_app] AndroidManifest.xml:10:13-63
168            android:value="true" />
168-->[:react-native-firebase_app] AndroidManifest.xml:11:13-33
169
170        <service
170-->[:react-native-firebase_app] AndroidManifest.xml:13:9-21:19
171            android:name="com.google.firebase.components.ComponentDiscoveryService"
171-->[:react-native-firebase_app] AndroidManifest.xml:14:13-84
172            android:directBootAware="true"
172-->[:react-native-firebase_app] AndroidManifest.xml:15:13-43
173            android:exported="false" >
173-->[:react-native-firebase_app] AndroidManifest.xml:16:13-37
174            <meta-data
174-->[:react-native-firebase_app] AndroidManifest.xml:18:13-20:85
175                android:name="com.google.firebase.components:io.invertase.firebase.app.ReactNativeFirebaseAppRegistrar"
175-->[:react-native-firebase_app] AndroidManifest.xml:19:17-120
176                android:value="com.google.firebase.components.ComponentRegistrar" />
176-->[:react-native-firebase_app] AndroidManifest.xml:20:17-82
177            <meta-data
177-->[com.google.firebase:firebase-messaging:24.0.1] AndroidManifest.xml:57:13-59:85
178                android:name="com.google.firebase.components:com.google.firebase.messaging.FirebaseMessagingKtxRegistrar"
178-->[com.google.firebase:firebase-messaging:24.0.1] AndroidManifest.xml:58:17-122
179                android:value="com.google.firebase.components.ComponentRegistrar" />
179-->[com.google.firebase:firebase-messaging:24.0.1] AndroidManifest.xml:59:17-82
180            <meta-data
180-->[com.google.firebase:firebase-messaging:24.0.1] AndroidManifest.xml:60:13-62:85
181                android:name="com.google.firebase.components:com.google.firebase.messaging.FirebaseMessagingRegistrar"
181-->[com.google.firebase:firebase-messaging:24.0.1] AndroidManifest.xml:61:17-119
182                android:value="com.google.firebase.components.ComponentRegistrar" />
182-->[com.google.firebase:firebase-messaging:24.0.1] AndroidManifest.xml:62:17-82
183            <meta-data
183-->[com.google.firebase:firebase-installations:18.0.0] AndroidManifest.xml:15:13-17:85
184                android:name="com.google.firebase.components:com.google.firebase.installations.FirebaseInstallationsKtxRegistrar"
184-->[com.google.firebase:firebase-installations:18.0.0] AndroidManifest.xml:16:17-130
185                android:value="com.google.firebase.components.ComponentRegistrar" />
185-->[com.google.firebase:firebase-installations:18.0.0] AndroidManifest.xml:17:17-82
186            <meta-data
186-->[com.google.firebase:firebase-installations:18.0.0] AndroidManifest.xml:18:13-20:85
187                android:name="com.google.firebase.components:com.google.firebase.installations.FirebaseInstallationsRegistrar"
187-->[com.google.firebase:firebase-installations:18.0.0] AndroidManifest.xml:19:17-127
188                android:value="com.google.firebase.components.ComponentRegistrar" />
188-->[com.google.firebase:firebase-installations:18.0.0] AndroidManifest.xml:20:17-82
189            <meta-data
189-->[com.google.firebase:firebase-common-ktx:21.0.0] AndroidManifest.xml:12:13-14:85
190                android:name="com.google.firebase.components:com.google.firebase.ktx.FirebaseCommonLegacyRegistrar"
190-->[com.google.firebase:firebase-common-ktx:21.0.0] AndroidManifest.xml:13:17-116
191                android:value="com.google.firebase.components.ComponentRegistrar" />
191-->[com.google.firebase:firebase-common-ktx:21.0.0] AndroidManifest.xml:14:17-82
192            <meta-data
192-->[com.google.firebase:firebase-common:21.0.0] AndroidManifest.xml:35:13-37:85
193                android:name="com.google.firebase.components:com.google.firebase.FirebaseCommonKtxRegistrar"
193-->[com.google.firebase:firebase-common:21.0.0] AndroidManifest.xml:36:17-109
194                android:value="com.google.firebase.components.ComponentRegistrar" />
194-->[com.google.firebase:firebase-common:21.0.0] AndroidManifest.xml:37:17-82
195            <meta-data
195-->[com.google.firebase:firebase-datatransport:18.2.0] AndroidManifest.xml:25:13-27:85
196                android:name="com.google.firebase.components:com.google.firebase.datatransport.TransportRegistrar"
196-->[com.google.firebase:firebase-datatransport:18.2.0] AndroidManifest.xml:26:17-115
197                android:value="com.google.firebase.components.ComponentRegistrar" />
197-->[com.google.firebase:firebase-datatransport:18.2.0] AndroidManifest.xml:27:17-82
198        </service>
199
200        <provider
200-->[:react-native-firebase_app] AndroidManifest.xml:23:9-27:38
201            android:name="io.invertase.firebase.app.ReactNativeFirebaseAppInitProvider"
201-->[:react-native-firebase_app] AndroidManifest.xml:24:13-88
202            android:authorities="com.circlespace.in.reactnativefirebaseappinitprovider"
202-->[:react-native-firebase_app] AndroidManifest.xml:25:13-86
203            android:exported="false"
203-->[:react-native-firebase_app] AndroidManifest.xml:26:13-37
204            android:initOrder="99" />
204-->[:react-native-firebase_app] AndroidManifest.xml:27:13-35
205        <provider
205-->[:react-native-file-viewer] AndroidManifest.xml:8:9-16:20
206            android:name="com.vinzscam.reactnativefileviewer.FileProvider"
206-->[:react-native-file-viewer] AndroidManifest.xml:9:13-75
207            android:authorities="com.circlespace.in.provider"
207-->[:react-native-file-viewer] AndroidManifest.xml:10:13-60
208            android:exported="false"
208-->[:react-native-file-viewer] AndroidManifest.xml:11:13-37
209            android:grantUriPermissions="true" >
209-->[:react-native-file-viewer] AndroidManifest.xml:12:13-47
210            <meta-data
210-->[:react-native-file-viewer] AndroidManifest.xml:13:13-15:70
211                android:name="android.support.FILE_PROVIDER_PATHS"
211-->[:react-native-file-viewer] AndroidManifest.xml:14:17-67
212                android:resource="@xml/file_viewer_provider_paths" />
212-->[:react-native-file-viewer] AndroidManifest.xml:15:17-67
213        </provider>
214        <provider
214-->[:react-native-image-crop-picker] AndroidManifest.xml:18:9-26:20
215            android:name="com.reactnative.ivpusic.imagepicker.IvpusicImagePickerFileProvider"
215-->[:react-native-image-crop-picker] AndroidManifest.xml:19:13-94
216            android:authorities="com.circlespace.in.provider"
216-->[:react-native-image-crop-picker] AndroidManifest.xml:20:13-60
217            android:exported="false"
217-->[:react-native-image-crop-picker] AndroidManifest.xml:21:13-37
218            android:grantUriPermissions="true" >
218-->[:react-native-image-crop-picker] AndroidManifest.xml:22:13-47
219            <meta-data
219-->[:react-native-file-viewer] AndroidManifest.xml:13:13-15:70
220                android:name="android.support.FILE_PROVIDER_PATHS"
220-->[:react-native-file-viewer] AndroidManifest.xml:14:17-67
221                android:resource="@xml/ivpusic_imagepicker_provider_paths" />
221-->[:react-native-file-viewer] AndroidManifest.xml:15:17-67
222        </provider>
223
224        <activity
224-->[:react-native-image-crop-picker] AndroidManifest.xml:28:9-30:72
225            android:name="com.yalantis.ucrop.UCropActivity"
225-->[:react-native-image-crop-picker] AndroidManifest.xml:29:13-60
226            android:theme="@style/Theme.AppCompat.Light.NoActionBar" /> <!-- Prompt Google Play services to install the backported photo picker module -->
226-->[:react-native-image-crop-picker] AndroidManifest.xml:30:13-69
227        <service
227-->[:react-native-image-crop-picker] AndroidManifest.xml:33:9-44:19
228            android:name="com.google.android.gms.metadata.ModuleDependencies"
228-->[:react-native-image-crop-picker] AndroidManifest.xml:34:13-78
229            android:enabled="false"
229-->[:react-native-image-crop-picker] AndroidManifest.xml:35:13-36
230            android:exported="false" >
230-->[:react-native-image-crop-picker] AndroidManifest.xml:36:13-37
231            <intent-filter>
231-->[:react-native-image-crop-picker] AndroidManifest.xml:37:13-39:29
232                <action android:name="com.google.android.gms.metadata.MODULE_DEPENDENCIES" />
232-->[:react-native-image-crop-picker] AndroidManifest.xml:38:17-94
232-->[:react-native-image-crop-picker] AndroidManifest.xml:38:25-91
233            </intent-filter>
234
235            <meta-data
235-->[:react-native-image-crop-picker] AndroidManifest.xml:41:13-43:36
236                android:name="photopicker_activity:0:required"
236-->[:react-native-image-crop-picker] AndroidManifest.xml:42:17-63
237                android:value="" />
237-->[:react-native-image-crop-picker] AndroidManifest.xml:43:17-33
238        </service>
239
240        <provider
240-->[:react-native-image-picker] AndroidManifest.xml:8:9-16:20
241            android:name="com.imagepicker.ImagePickerProvider"
241-->[:react-native-image-picker] AndroidManifest.xml:9:13-63
242            android:authorities="com.circlespace.in.imagepickerprovider"
242-->[:react-native-image-picker] AndroidManifest.xml:10:13-71
243            android:exported="false"
243-->[:react-native-image-picker] AndroidManifest.xml:11:13-37
244            android:grantUriPermissions="true" >
244-->[:react-native-image-picker] AndroidManifest.xml:12:13-47
245            <meta-data
245-->[:react-native-file-viewer] AndroidManifest.xml:13:13-15:70
246                android:name="android.support.FILE_PROVIDER_PATHS"
246-->[:react-native-file-viewer] AndroidManifest.xml:14:17-67
247                android:resource="@xml/imagepicker_provider_paths" />
247-->[:react-native-file-viewer] AndroidManifest.xml:15:17-67
248        </provider>
249
250        <activity
250-->[:react-native-razorpay] AndroidManifest.xml:8:9-10:86
251            android:name="com.razorpay.CheckoutActivity"
251-->[:react-native-razorpay] AndroidManifest.xml:9:13-57
252            android:configChanges="keyboard|keyboardHidden|orientation|screenSize"
252-->[:react-native-razorpay] AndroidManifest.xml:10:13-83
253            android:exported="false"
253-->[com.razorpay:standard-core:1.6.52] AndroidManifest.xml:45:13-37
254            android:theme="@style/CheckoutTheme" >
254-->[com.razorpay:standard-core:1.6.52] AndroidManifest.xml:46:13-49
255            <intent-filter>
255-->[com.razorpay:standard-core:1.6.52] AndroidManifest.xml:47:13-49:29
256                <action android:name="android.intent.action.MAIN" />
256-->src/main/AndroidManifest.xml:38:13-65
256-->src/main/AndroidManifest.xml:38:21-62
257            </intent-filter>
258        </activity>
259
260        <provider
260-->[:react-native-share] AndroidManifest.xml:8:9-16:20
261            android:name="cl.json.RNShareFileProvider"
261-->[:react-native-share] AndroidManifest.xml:9:13-55
262            android:authorities="com.circlespace.in.rnshare.fileprovider"
262-->[:react-native-share] AndroidManifest.xml:10:13-72
263            android:exported="false"
263-->[:react-native-share] AndroidManifest.xml:11:13-37
264            android:grantUriPermissions="true" >
264-->[:react-native-share] AndroidManifest.xml:12:13-47
265            <meta-data
265-->[:react-native-file-viewer] AndroidManifest.xml:13:13-15:70
266                android:name="android.support.FILE_PROVIDER_PATHS"
266-->[:react-native-file-viewer] AndroidManifest.xml:14:17-67
267                android:resource="@xml/share_download_paths" />
267-->[:react-native-file-viewer] AndroidManifest.xml:15:17-67
268        </provider>
269        <provider
269-->[:react-native-webview] AndroidManifest.xml:8:9-16:20
270            android:name="com.reactnativecommunity.webview.RNCWebViewFileProvider"
270-->[:react-native-webview] AndroidManifest.xml:9:13-83
271            android:authorities="com.circlespace.in.fileprovider"
271-->[:react-native-webview] AndroidManifest.xml:10:13-64
272            android:exported="false"
272-->[:react-native-webview] AndroidManifest.xml:11:13-37
273            android:grantUriPermissions="true" >
273-->[:react-native-webview] AndroidManifest.xml:12:13-47
274            <meta-data
274-->[:react-native-file-viewer] AndroidManifest.xml:13:13-15:70
275                android:name="android.support.FILE_PROVIDER_PATHS"
275-->[:react-native-file-viewer] AndroidManifest.xml:14:17-67
276                android:resource="@xml/file_provider_paths" />
276-->[:react-native-file-viewer] AndroidManifest.xml:15:17-67